<?xml version="1.0" encoding="UTF-8"?>
<!-- Generated by org.testng.reporters.JUnitReportReporter -->
<testsuite hostname="LTIN259675" failures="0" tests="13" name="testCases.TC004_BusinessCoursera" time="110.368" errors="0" timestamp="2024-02-12T14:40:54 IST" skipped="0">
  <testcase classname="testCases.TC004_BusinessCoursera" name="searchHomePage" time="13.721"/>
  <testcase classname="testCases.TC004_BusinessCoursera" name="levelSelector" time="3.966"/>
  <testcase classname="testCases.TC004_BusinessCoursera" name="languageSelect" time="7.230"/>
  <testcase classname="testCases.TC004_BusinessCoursera" name="Result" time="2.099"/>
  <testcase classname="testCases.TC004_BusinessCoursera" name="deatilsFirstCard" time="7.197"/>
  <testcase classname="testCases.TC004_BusinessCoursera" name="Headings" time="5.311"/>
  <testcase classname="testCases.TC004_BusinessCoursera" name="Search2" time="10.541"/>
  <testcase classname="testCases.TC004_BusinessCoursera" name="displayLevels" time="1.096"/>
  <testcase classname="testCases.TC004_BusinessCoursera" name="displayLanguages" time="18.552"/>
  <testcase classname="testCases.TC004_BusinessCoursera" name="ThirdtimeHomepage" time="19.530"/>
  <testcase classname="testCases.TC004_BusinessCoursera" name="clickSolution" time="7.754"/>
  <testcase classname="testCases.TC004_BusinessCoursera" name="clickContactUs" time="7.419"/>
  <testcase classname="testCases.TC004_BusinessCoursera" name="details" time="5.952"/>
</testsuite> <!-- testCases.TC004_BusinessCoursera -->
