<?xml version="1.0" encoding="UTF-8"?>
<!-- Generated by org.testng.reporters.JUnitReportReporter -->
<testsuite hostname="LTIN259675" failures="0" tests="13" name="testCases.TC004_BusinessCoursera" time="102.021" errors="0" timestamp="2024-02-20T16:38:34 IST" skipped="0">
  <testcase classname="testCases.TC004_BusinessCoursera" name="searchHomePage" time="10.561"/>
  <testcase classname="testCases.TC004_BusinessCoursera" name="levelSelector" time="3.841"/>
  <testcase classname="testCases.TC004_BusinessCoursera" name="languageSelect" time="7.592"/>
  <testcase classname="testCases.TC004_BusinessCoursera" name="Result" time="2.073"/>
  <testcase classname="testCases.TC004_BusinessCoursera" name="deatilsFirstCard" time="3.563"/>
  <testcase classname="testCases.TC004_BusinessCoursera" name="Headings" time="5.423"/>
  <testcase classname="testCases.TC004_BusinessCoursera" name="Search2" time="8.944"/>
  <testcase classname="testCases.TC004_BusinessCoursera" name="displayLevels" time="0.775"/>
  <testcase classname="testCases.TC004_BusinessCoursera" name="displayLanguages" time="13.150"/>
  <testcase classname="testCases.TC004_BusinessCoursera" name="ThirdtimeHomepage" time="19.666"/>
  <testcase classname="testCases.TC004_BusinessCoursera" name="clickSolution" time="8.389"/>
  <testcase classname="testCases.TC004_BusinessCoursera" name="clickContactUs" time="7.409"/>
  <testcase classname="testCases.TC004_BusinessCoursera" name="details" time="10.635"/>
</testsuite> <!-- testCases.TC004_BusinessCoursera -->
